<?xml version="1.0" encoding="UTF-8"?>
<!-- Generated by org.testng.reporters.JUnitXMLReporter -->
<testsuite ignored="0" hostname="MSI" failures="0" tests="4" name="Basics" time="0.391" errors="0" timestamp="2024-02-28T11:26:24 GMT+03:00">
  <testcase classname="CrudMethods.BasicscrudMethods" name="AddNewData" time="0.011"/>
  <testcase classname="CrudMethods.BasicscrudMethods" name="UpdateData" time="0.003"/>
  <testcase classname="CrudMethods.BasicscrudMethods" name="SelectOneCustomr" time="0.031"/>
  <testcase classname="CrudMethods.BasicscrudMethods" name="DeletRow" time="0.005"/>
</testsuite> <!-- Basics -->
