<?xml version="1.0" encoding="UTF-8"?>
<!-- Generated by org.testng.reporters.JUnitXMLReporter -->
<testsuite ignored="0" hostname="MSI" failures="0" tests="4" name="Default test" time="0.398" errors="0" timestamp="2024-02-28T11:34:11 GMT+03:00">
  <testcase classname="CrudMethods.BasicscrudMethods" name="AddNewData" time="0.011"/>
  <testcase classname="CrudMethods.BasicscrudMethods" name="UpdateData" time="0.004"/>
  <testcase classname="CrudMethods.BasicscrudMethods" name="SelectOneCustomr" time="0.03"/>
  <testcase classname="CrudMethods.BasicscrudMethods" name="DeletRow" time="0.003"/>
</testsuite> <!-- Default test -->
