<?xml version="1.0" encoding="UTF-8"?>
<testng-results ignored="0" total="4" passed="4" failed="0" skipped="0">
  <reporter-output>
  </reporter-output>
  <suite started-at="2024-02-28T11:34:10 GMT+03:00" name="Default suite" finished-at="2024-02-28T11:34:11 GMT+03:00" duration-ms="398">
    <groups>
    </groups>
    <test started-at="2024-02-28T11:34:10 GMT+03:00" name="Default test" finished-at="2024-02-28T11:34:11 GMT+03:00" duration-ms="398">
      <class name="CrudMethods.BasicscrudMethods">
        <test-method is-config="true" signature="pre_test()[pri:0, instance:CrudMethods.BasicscrudMethods@201a4587]" started-at="2024-02-28T11:34:10 GMT+03:00" name="pre_test" finished-at="2024-02-28T11:34:11 GMT+03:00" duration-ms="322" status="PASS">
          <reporter-output>
          </reporter-output>
        </test-method> <!-- pre_test -->
        <test-method signature="AddNewData()[pri:1, instance:CrudMethods.BasicscrudMethods@201a4587]" started-at="2024-02-28T11:34:11 GMT+03:00" name="AddNewData" finished-at="2024-02-28T11:34:11 GMT+03:00" duration-ms="11" status="PASS">
          <reporter-output>
          </reporter-output>
        </test-method> <!-- AddNewData -->
        <test-method signature="UpdateData()[pri:2, instance:CrudMethods.BasicscrudMethods@201a4587]" started-at="2024-02-28T11:34:11 GMT+03:00" name="UpdateData" finished-at="2024-02-28T11:34:11 GMT+03:00" duration-ms="4" status="PASS">
          <reporter-output>
          </reporter-output>
        </test-method> <!-- UpdateData -->
        <test-method signature="SelectOneCustomr()[pri:3, instance:CrudMethods.BasicscrudMethods@201a4587]" started-at="2024-02-28T11:34:11 GMT+03:00" name="SelectOneCustomr" finished-at="2024-02-28T11:34:11 GMT+03:00" duration-ms="30" status="PASS">
          <reporter-output>
          </reporter-output>
        </test-method> <!-- SelectOneCustomr -->
        <test-method signature="DeletRow()[pri:4, instance:CrudMethods.BasicscrudMethods@201a4587]" started-at="2024-02-28T11:34:11 GMT+03:00" name="DeletRow" finished-at="2024-02-28T11:34:11 GMT+03:00" duration-ms="3" status="PASS">
          <reporter-output>
          </reporter-output>
        </test-method> <!-- DeletRow -->
        <test-method is-config="true" signature="post_test()[pri:0, instance:CrudMethods.BasicscrudMethods@201a4587]" started-at="2024-02-28T11:34:11 GMT+03:00" name="post_test" finished-at="2024-02-28T11:34:11 GMT+03:00" duration-ms="0" status="PASS">
          <reporter-output>
          </reporter-output>
        </test-method> <!-- post_test -->
      </class> <!-- CrudMethods.BasicscrudMethods -->
    </test> <!-- Default test -->
  </suite> <!-- Default suite -->
</testng-results>
